<?xml version="1.0" encoding="UTF-8"?>
<robot generator="Robot 7.2.2 (Python 3.12.7 on win32)" generated="2025-04-09T16:04:01.796719" rpa="false" schemaversion="5">
<suite id="s1" name="Paint" source="C:\Users\bhuva\PycharmProjects\Robot\Automation\paint.robot">
<test id="s1-t1" name="Draw In MS Paint" line="11">
<kw name="Open Paint">
<kw name="Open Application" owner="RPA.Desktop">
<msg time="2025-04-09T16:04:03.262713" level="INFO">Starting application: mspaint.exe</msg>
<arg>${PAINT_PATH}</arg>
<doc>Start a given application by name (if in PATH),
or by path to executable.</doc>
<status status="PASS" start="2025-04-09T16:04:03.262713" elapsed="0.146739"/>
</kw>
<kw name="Sleep" owner="BuiltIn">
<msg time="2025-04-09T16:04:05.410994" level="INFO">Slept 2 seconds.</msg>
<arg>2s</arg>
<doc>Pauses the test executed for the given time.</doc>
<status status="PASS" start="2025-04-09T16:04:03.409452" elapsed="2.002080"/>
</kw>
<status status="PASS" start="2025-04-09T16:04:03.260674" elapsed="2.150858"/>
</kw>
<kw name="Maximize Window">
<kw name="Press Keys" owner="RPA.Desktop">
<msg time="2025-04-09T16:04:05.412547" level="INFO">Pressing keys: Key.alt, Key.space</msg>
<arg>alt</arg>
<arg>SPACE</arg>
<doc>Press multiple keys down simultaneously.</doc>
<status status="PASS" start="2025-04-09T16:04:05.412547" elapsed="0.003099"/>
</kw>
<kw name="Sleep" owner="BuiltIn">
<msg time="2025-04-09T16:04:05.915873" level="INFO">Slept 500 milliseconds.</msg>
<arg>0.5s</arg>
<doc>Pauses the test executed for the given time.</doc>
<status status="PASS" start="2025-04-09T16:04:05.415646" elapsed="0.500227"/>
</kw>
<kw name="Press Keys" owner="RPA.Desktop">
<msg time="2025-04-09T16:04:05.916918" level="INFO">Pressing keys: 'x'</msg>
<arg>x</arg>
<doc>Press multiple keys down simultaneously.</doc>
<status status="PASS" start="2025-04-09T16:04:05.915873" elapsed="0.003025"/>
</kw>
<kw name="Sleep" owner="BuiltIn">
<msg time="2025-04-09T16:04:06.419337" level="INFO">Slept 500 milliseconds.</msg>
<arg>0.5s</arg>
<doc>Pauses the test executed for the given time.</doc>
<status status="PASS" start="2025-04-09T16:04:05.918898" elapsed="0.500439"/>
</kw>
<status status="PASS" start="2025-04-09T16:04:05.412547" elapsed="1.006790"/>
</kw>
<kw name="Sleep" owner="BuiltIn">
<msg time="2025-04-09T16:04:07.420795" level="INFO">Slept 1 second.</msg>
<arg>1s</arg>
<doc>Pauses the test executed for the given time.</doc>
<status status="PASS" start="2025-04-09T16:04:06.420235" elapsed="1.000560"/>
</kw>
<kw name="Draw Rectangle">
<kw name="Move Mouse" owner="RPA.Desktop">
<msg time="2025-04-09T16:04:07.423328" level="FAIL">Keyword 'RPA.Desktop.Move Mouse' expected 1 argument, got 2.</msg>
<arg>300</arg>
<arg>300</arg>
<doc>Move mouse to given coordinates.</doc>
<status status="FAIL" start="2025-04-09T16:04:07.422316" elapsed="0.001012">Keyword 'RPA.Desktop.Move Mouse' expected 1 argument, got 2.</status>
</kw>
<kw name="Mouse Down">
<status status="NOT RUN" start="2025-04-09T16:04:07.423328" elapsed="0.000000"/>
</kw>
<kw name="Move Mouse" owner="RPA.Desktop">
<arg>500</arg>
<arg>500</arg>
<doc>Move mouse to given coordinates.</doc>
<status status="NOT RUN" start="2025-04-09T16:04:07.423328" elapsed="0.001000"/>
</kw>
<kw name="Mouse Up">
<status status="NOT RUN" start="2025-04-09T16:04:07.424328" elapsed="0.000000"/>
</kw>
<kw name="Sleep" owner="BuiltIn">
<arg>1s</arg>
<doc>Pauses the test executed for the given time.</doc>
<status status="NOT RUN" start="2025-04-09T16:04:07.424328" elapsed="0.000000"/>
</kw>
<status status="FAIL" start="2025-04-09T16:04:07.422316" elapsed="0.002012">Keyword 'RPA.Desktop.Move Mouse' expected 1 argument, got 2.</status>
</kw>
<kw name="Save Drawing">
<status status="NOT RUN" start="2025-04-09T16:04:07.425327" elapsed="0.000000"/>
</kw>
<kw name="Close Paint">
<status status="NOT RUN" start="2025-04-09T16:04:07.426327" elapsed="0.000000"/>
</kw>
<status status="FAIL" start="2025-04-09T16:04:03.259602" elapsed="4.166725">Keyword 'RPA.Desktop.Move Mouse' expected 1 argument, got 2.</status>
</test>
<status status="FAIL" start="2025-04-09T16:04:01.799787" elapsed="5.629068"/>
</suite>
<statistics>
<total>
<stat pass="0" fail="1" skip="0">All Tests</stat>
</total>
<tag>
</tag>
<suite>
<stat name="Paint" id="s1" pass="0" fail="1" skip="0">Paint</stat>
</suite>
</statistics>
<errors>
</errors>
</robot>
